Added Component: Designator=B1(Arduino nano)
Add component. Clean all parameters for all variants
Added Component: Designator=P1(HDR1X8)
Add component. Clean all parameters for all variants
Add component (AddParameter): Name = "LatestRevisionDate"; Value = "17-Jul-2002"; VariantName = "[No Variations]"
Add component (AddParameter): Name = "LatestRevisionNote"; Value = "Re-released for DXP Platform."; VariantName = "[No Variations]"
Add component (AddParameter): Name = "Publisher"; Value = "Altium Limited"; VariantName = "[No Variations]"
Added Pin To Net: NetName=GND Pin=B1-28
Added Pin To Net: NetName=GND Pin=P1-2
Added Net: Name=GND
Added Pin To Net: NetName=SCL Pin=B1-20
Added Pin To Net: NetName=SCL Pin=P1-3
Added Net: Name=SCL
Added Pin To Net: NetName=SDA Pin=B1-21
Added Pin To Net: NetName=SDA Pin=P1-4
Added Net: Name=SDA
Added Pin To Net: NetName=VCC Pin=B1-26
Added Pin To Net: NetName=VCC Pin=P1-1
Added Net: Name=VCC
Added Class: Name=main_schematic
Added Room: Name=main_schematic
